<?xml version="1.0" encoding="UTF-8" ?>
<testsuite tests="47" failures="0" name="edu.yu.cs.com1320.project.stage5.impl.StagefourtestdocimplTest" time="0.418" errors="0" skipped="0">
  <properties>
    <property name="java.runtime.name" value="Java(TM) SE Runtime Environment"/>
    <property name="java.vm.version" value="11.0.8+10-LTS"/>
    <property name="sun.boot.library.path" value="C:\Program Files\Java\jdk-11.0.8\bin"/>
    <property name="maven.multiModuleProjectDirectory" value="C:\Users\emwil\WildesEzra\DataStructures\project\stage5"/>
    <property name="java.vm.vendor" value="Oracle Corporation"/>
    <property name="java.vendor.url" value="https://openjdk.java.net/"/>
    <property name="guice.disable.misplaced.annotation.check" value="true"/>
    <property name="path.separator" value=";"/>
    <property name="java.vm.name" value="Java HotSpot(TM) 64-Bit Server VM"/>
    <property name="sun.os.patch.level" value=""/>
    <property name="user.script" value=""/>
    <property name="user.country" value="US"/>
    <property name="sun.java.launcher" value="SUN_STANDARD"/>
    <property name="java.vm.specification.name" value="Java Virtual Machine Specification"/>
    <property name="user.dir" value="C:\Users\emwil\WildesEzra\DataStructures\project\stage5"/>
    <property name="java.vm.compressedOopsMode" value="Zero based"/>
    <property name="java.runtime.version" value="11.0.8+10-LTS"/>
    <property name="java.awt.graphicsenv" value="sun.awt.Win32GraphicsEnvironment"/>
    <property name="os.arch" value="amd64"/>
    <property name="java.io.tmpdir" value="C:\Users\emwil\AppData\Local\Temp\"/>
    <property name="line.separator" value="
"/>
    <property name="java.vm.specification.vendor" value="Oracle Corporation"/>
    <property name="user.variant" value=""/>
    <property name="os.name" value="Windows 10"/>
    <property name="classworlds.conf" value="C:\Program Files\Maven\apache-maven-3.6.3\bin\..\bin\m2.conf"/>
    <property name="sun.jnu.encoding" value="Cp1252"/>
    <property name="java.library.path" value="C:\Program Files\Java\jdk-11.0.8\bin;C:\WINDOWS\Sun\Java\bin;C:\WINDOWS\system32;C:\WINDOWS;C:\windows\system32;C:\windows;C:\windows\System32\Wbem;C:\windows\System32\WindowsPowerShell\v1.0\;C:\windows\System32\OpenSSH\;C:\Program Files (x86)\NVIDIA Corporation\PhysX\Common;C:\Program Files\NVIDIA Corporation\NVIDIA NvDLISR;%JAVA_HOME%\bin;C:\Program Files\Maven\apache-maven-3.6.3\bin;C:\WINDOWS\system32;C:\WINDOWS;C:\WINDOWS\System32\Wbem;C:\WINDOWS\System32\WindowsPowerShell\v1.0\;C:\WINDOWS\System32\OpenSSH\;C:\Program Files\Git\cmd;C:\Program Files\Java\jdk-11.0.8\bin;C:\Users\emwil\AppData\Local\Programs\Python\Python38-32\Scripts\;C:\Users\emwil\AppData\Local\Programs\Python\Python38-32\;C:\windows\system32;C:\windows;C:\windows\System32\Wbem;C:\windows\System32\WindowsPowerShell\v1.0\;C:\windows\System32\OpenSSH\;C:\Program Files (x86)\NVIDIA Corporation\PhysX\Common;C:\Program Files\NVIDIA Corporation\NVIDIA NvDLISR;%JAVA_HOME%\bin;C:\Program Files\Maven\apache-maven-3.6.3\bin;C:\WINDOWS\system32;C:\WINDOWS;C:\WINDOWS\System32\Wbem;C:\WINDOWS\System32\WindowsPowerShell\v1.0\;C:\WINDOWS\System32\OpenSSH\;C:\Program Files\Git\cmd;C:\Program Files\Java\jdk-11.0.8\bin;;C:\Python34\Scripts;C:\Users\emwil\AppData\Local\Programs\Microsoft VS Code\bin;C:\Users\emwil\AppData\Local\Programs\MiKTeX 2.9\miktex\bin\x64\;."/>
    <property name="maven.conf" value="C:\Program Files\Maven\apache-maven-3.6.3\bin\../conf"/>
    <property name="jdk.debug" value="release"/>
    <property name="java.class.version" value="55.0"/>
    <property name="java.specification.name" value="Java Platform API Specification"/>
    <property name="sun.management.compiler" value="HotSpot 64-Bit Tiered Compilers"/>
    <property name="os.version" value="10.0"/>
    <property name="library.jansi.path" value="C:\Program Files\Maven\apache-maven-3.6.3\bin\..\lib\jansi-native"/>
    <property name="user.home" value="C:\Users\emwil"/>
    <property name="user.timezone" value="America/New_York"/>
    <property name="java.awt.printerjob" value="sun.awt.windows.WPrinterJob"/>
    <property name="file.encoding" value="Cp1252"/>
    <property name="java.specification.version" value="11"/>
    <property name="user.name" value="emwil"/>
    <property name="java.class.path" value="C:\Program Files\Maven\apache-maven-3.6.3\bin\..\boot\plexus-classworlds-2.6.0.jar"/>
    <property name="java.vm.specification.version" value="11"/>
    <property name="sun.arch.data.model" value="64"/>
    <property name="sun.java.command" value="org.codehaus.plexus.classworlds.launcher.Launcher test"/>
    <property name="java.home" value="C:\Program Files\Java\jdk-11.0.8"/>
    <property name="user.language" value="en"/>
    <property name="java.specification.vendor" value="Oracle Corporation"/>
    <property name="awt.toolkit" value="sun.awt.windows.WToolkit"/>
    <property name="java.vm.info" value="mixed mode"/>
    <property name="java.version" value="11.0.8"/>
    <property name="java.vendor" value="Oracle Corporation"/>
    <property name="sun.stderr.encoding" value="cp437"/>
    <property name="maven.home" value="C:\Program Files\Maven\apache-maven-3.6.3\bin\.."/>
    <property name="file.separator" value="\"/>
    <property name="java.version.date" value="2020-07-14"/>
    <property name="java.vendor.url.bug" value="https://bugreport.java.com/bugreport/"/>
    <property name="sun.io.unicode.encoding" value="UnicodeLittle"/>
    <property name="sun.cpu.endian" value="little"/>
    <property name="java.vendor.version" value="18.9"/>
    <property name="sun.stdout.encoding" value="cp437"/>
    <property name="sun.desktop" value="windows"/>
    <property name="sun.cpu.isalist" value="amd64"/>
  </properties>
  <testcase classname="edu.yu.cs.com1320.project.stage5.impl.StagefourtestdocimplTest" name="stage4TestSetGetLastUseTime" time="0.004"/>
  <testcase classname="edu.yu.cs.com1320.project.stage5.impl.StagefourtestdocimplTest" name="stage3DeleteAllWithPrefix" time="0.01"/>
  <testcase classname="edu.yu.cs.com1320.project.stage5.impl.StagefourtestdocimplTest" name="testGetTextDocumentAsPdf" time="0.013"/>
  <testcase classname="edu.yu.cs.com1320.project.stage5.impl.StagefourtestdocimplTest" name="testGetTextDocumentAsTxt" time="0.005"/>
  <testcase classname="edu.yu.cs.com1320.project.stage5.impl.StagefourtestdocimplTest" name="testGetPdfDocumentTextHashCode" time="0.046"/>
  <testcase classname="edu.yu.cs.com1320.project.stage5.impl.StagefourtestdocimplTest" name="testGetPdfDocumentAsPdf" time="0.005"/>
  <testcase classname="edu.yu.cs.com1320.project.stage5.impl.StagefourtestdocimplTest" name="testGetPdfDocumentAsTxt" time="0.003"/>
  <testcase classname="edu.yu.cs.com1320.project.stage5.impl.StagefourtestdocimplTest" name="stage3SearchPDFs" time="0.006"/>
  <testcase classname="edu.yu.cs.com1320.project.stage5.impl.StagefourtestdocimplTest" name="stage4TestUpdateDocLastUseTimeOnSearchPDFs" time="0.005"/>
  <testcase classname="edu.yu.cs.com1320.project.stage5.impl.StagefourtestdocimplTest" name="stage4TestUpdateDocLastUseTimeOnSearch" time="0.006"/>
  <testcase classname="edu.yu.cs.com1320.project.stage5.impl.StagefourtestdocimplTest" name="getDocTest" time="0.014"/>
  <testcase classname="edu.yu.cs.com1320.project.stage5.impl.StagefourtestdocimplTest" name="stage3SearchByPrefix" time="0.007"/>
  <testcase classname="edu.yu.cs.com1320.project.stage5.impl.StagefourtestdocimplTest" name="testPutPdfDocumentNoPreviousDocAtURI" time="0.005"/>
  <testcase classname="edu.yu.cs.com1320.project.stage5.impl.StagefourtestdocimplTest" name="stage4TestMaxDocCountViaPut" time="0.026"/>
  <testcase classname="edu.yu.cs.com1320.project.stage5.impl.StagefourtestdocimplTest" name="stage4TestMaxDocsWhenDoubleMaxViaPut" time="0.012"/>
  <testcase classname="edu.yu.cs.com1320.project.stage5.impl.StagefourtestdocimplTest" name="stage3TestSearchByKeyword" time="0.01"/>
  <testcase classname="edu.yu.cs.com1320.project.stage5.impl.StagefourtestdocimplTest" name="stage4TestNoUpdateDocLastUseTimeOnProtectedGet" time="0.006"/>
  <testcase classname="edu.yu.cs.com1320.project.stage5.impl.StagefourtestdocimplTest" name="stage4TestUpdateDocLastUseTimeOnSearchByPrefix" time="0.005"/>
  <testcase classname="edu.yu.cs.com1320.project.stage5.impl.StagefourtestdocimplTest" name="testGetTextDocumentTextHashCode" time="0.003"/>
  <testcase classname="edu.yu.cs.com1320.project.stage5.impl.StagefourtestdocimplTest" name="stage4TestMaxBytesWhenDoubleMaxViaPut" time="0.011"/>
  <testcase classname="edu.yu.cs.com1320.project.stage5.impl.StagefourtestdocimplTest" name="testPutNewVersionOfDocumentPdf" time="0.01"/>
  <testcase classname="edu.yu.cs.com1320.project.stage5.impl.StagefourtestdocimplTest" name="testPutNewVersionOfDocumentTxt" time="0.012"/>
  <testcase classname="edu.yu.cs.com1320.project.stage5.impl.StagefourtestdocimplTest" name="testGetTxtDocAsPdf" time="0.014"/>
  <testcase classname="edu.yu.cs.com1320.project.stage5.impl.StagefourtestdocimplTest" name="testGetTxtDocAsTxt" time="0.006"/>
  <testcase classname="edu.yu.cs.com1320.project.stage5.impl.StagefourtestdocimplTest" name="stage4TestUpdateDocLastUseTimeOnSearchPDFsByPrefix" time="0.006"/>
  <testcase classname="edu.yu.cs.com1320.project.stage5.impl.StagefourtestdocimplTest" name="testGetPdfDocumentKey" time="0.002"/>
  <testcase classname="edu.yu.cs.com1320.project.stage5.impl.StagefourtestdocimplTest" name="stage3DeleteAll" time="0.007"/>
  <testcase classname="edu.yu.cs.com1320.project.stage5.impl.StagefourtestdocimplTest" name="stage4TestUndoAfterMaxBytes" time="0.011"/>
  <testcase classname="edu.yu.cs.com1320.project.stage5.impl.StagefourtestdocimplTest" name="stage4TestUpdateDocLastUseTimeOnPut" time="0.006"/>
  <testcase classname="edu.yu.cs.com1320.project.stage5.impl.StagefourtestdocimplTest" name="stage3TestDeleteAllByKeyword" time="0.018"/>
  <testcase classname="edu.yu.cs.com1320.project.stage5.impl.StagefourtestdocimplTest" name="stage4TestUndoAfterMaxDocCount" time="0.014"/>
  <testcase classname="edu.yu.cs.com1320.project.stage5.impl.StagefourtestdocimplTest" name="testGetTextDocumentKey" time="0.004"/>
  <testcase classname="edu.yu.cs.com1320.project.stage5.impl.StagefourtestdocimplTest" name="stage3DeleteAllExists" time="0.003"/>
  <testcase classname="edu.yu.cs.com1320.project.stage5.impl.StagefourtestdocimplTest" name="stage3TestSearchByPrefix" time="0.009"/>
  <testcase classname="edu.yu.cs.com1320.project.stage5.impl.StagefourtestdocimplTest" name="stage3SearchPDFsByPrefix" time="0.007"/>
  <testcase classname="edu.yu.cs.com1320.project.stage5.impl.StagefourtestdocimplTest" name="stage4TestUpdateDocLastUseTimeOnOverwrite" time="0.006"/>
  <testcase classname="edu.yu.cs.com1320.project.stage5.impl.StagefourtestdocimplTest" name="TestSerialize" time="0.011"/>
  <testcase classname="edu.yu.cs.com1320.project.stage5.impl.StagefourtestdocimplTest" name="testStage3WordCount" time="0.003"/>
  <testcase classname="edu.yu.cs.com1320.project.stage5.impl.StagefourtestdocimplTest" name="stage3Search" time="0.008"/>
  <testcase classname="edu.yu.cs.com1320.project.stage5.impl.StagefourtestdocimplTest" name="testStage3CaseInsensitive" time="0.004"/>
  <testcase classname="edu.yu.cs.com1320.project.stage5.impl.StagefourtestdocimplTest" name="stage4TestMaxDocBytesViaPut" time="0.011"/>
  <testcase classname="edu.yu.cs.com1320.project.stage5.impl.StagefourtestdocimplTest" name="testPutTxtDocumentNoPreviousDocAtURI" time="0.006"/>
  <testcase classname="edu.yu.cs.com1320.project.stage5.impl.StagefourtestdocimplTest" name="memoryLimit" time="0.01"/>
  <testcase classname="edu.yu.cs.com1320.project.stage5.impl.StagefourtestdocimplTest" name="testGetPdfDocAsPdf" time="0.007"/>
  <testcase classname="edu.yu.cs.com1320.project.stage5.impl.StagefourtestdocimplTest" name="testGetPdfDocAsTxt" time="0.006"/>
  <testcase classname="edu.yu.cs.com1320.project.stage5.impl.StagefourtestdocimplTest" name="stage3TestDeleteAllByPrefix" time="0.01"/>
  <testcase classname="edu.yu.cs.com1320.project.stage5.impl.StagefourtestdocimplTest" name="testPutDocumentWithNullArguments" time="0.005"/>
</testsuite>